<?xml version="1.0" ?>
<coverage branch-rate="0" line-rate="0.6286" timestamp="1480128639447" version="4.2">
	<!-- Generated by coverage.py: https://coverage.readthedocs.io -->
	<!-- Based on https://raw.githubusercontent.com/cobertura/web/f0366e5e2cf18f111cbd61fc34ef720a6584ba02/htdocs/xml/coverage-03.dtd -->
	<sources>
		<source>/group/hepheno/smsharma/NPTFit</source>
	</sources>
	<packages>
		<package branch-rate="0" complexity="0" line-rate="0.6098" name="NPTFit">
			<classes>
				<class branch-rate="0" complexity="0" filename="NPTFit/__init__.py" line-rate="1" name="__init__.py">
					<methods/>
					<lines/>
				</class>
				<class branch-rate="0" complexity="0" filename="NPTFit/config_maps.py" line-rate="0.9306" name="config_maps.py">
					<methods/>
					<lines>
						<line hits="1" number="14"/>
						<line hits="1" number="15"/>
						<line hits="1" number="17"/>
						<line hits="1" number="18"/>
						<line hits="1" number="20"/>
						<line hits="1" number="23"/>
						<line hits="1" number="24"/>
						<line hits="1" number="33"/>
						<line hits="1" number="36"/>
						<line hits="1" number="37"/>
						<line hits="1" number="38"/>
						<line hits="1" number="41"/>
						<line hits="1" number="42"/>
						<line hits="1" number="44"/>
						<line hits="1" number="51"/>
						<line hits="1" number="52"/>
						<line hits="1" number="54"/>
						<line hits="1" number="60"/>
						<line hits="1" number="62"/>
						<line hits="1" number="73"/>
						<line hits="1" number="74"/>
						<line hits="1" number="76"/>
						<line hits="1" number="83"/>
						<line hits="1" number="85"/>
						<line hits="1" number="89"/>
						<line hits="1" number="92"/>
						<line hits="0" number="93"/>
						<line hits="0" number="94"/>
						<line hits="1" number="97"/>
						<line hits="1" number="99"/>
						<line hits="1" number="101"/>
						<line hits="1" number="102"/>
						<line hits="1" number="106"/>
						<line hits="1" number="108"/>
						<line hits="1" number="112"/>
						<line hits="1" number="116"/>
						<line hits="1" number="119"/>
						<line hits="1" number="120"/>
						<line hits="1" number="121"/>
						<line hits="1" number="124"/>
						<line hits="1" number="128"/>
						<line hits="1" number="129"/>
						<line hits="1" number="130"/>
						<line hits="1" number="139"/>
						<line hits="1" number="144"/>
						<line hits="1" number="145"/>
						<line hits="1" number="147"/>
						<line hits="1" number="150"/>
						<line hits="0" number="151"/>
						<line hits="0" number="152"/>
						<line hits="0" number="153"/>
						<line hits="1" number="156"/>
						<line hits="1" number="157"/>
						<line hits="1" number="161"/>
						<line hits="1" number="162"/>
						<line hits="1" number="163"/>
						<line hits="1" number="164"/>
						<line hits="1" number="165"/>
						<line hits="1" number="166"/>
						<line hits="1" number="168"/>
						<line hits="1" number="171"/>
						<line hits="1" number="174"/>
						<line hits="1" number="176"/>
						<line hits="1" number="178"/>
						<line hits="1" number="187"/>
						<line hits="1" number="188"/>
						<line hits="1" number="190"/>
						<line hits="1" number="192"/>
						<line hits="1" number="193"/>
						<line hits="1" number="194"/>
						<line hits="1" number="196"/>
						<line hits="1" number="197"/>
					</lines>
				</class>
				<class branch-rate="0" complexity="0" filename="NPTFit/create_mask.py" line-rate="0.6296" name="create_mask.py">
					<methods/>
					<lines>
						<line hits="1" number="19"/>
						<line hits="1" number="20"/>
						<line hits="1" number="23"/>
						<line hits="0" number="26"/>
						<line hits="0" number="27"/>
						<line hits="1" number="31"/>
						<line hits="0" number="34"/>
						<line hits="0" number="35"/>
						<line hits="1" number="39"/>
						<line hits="0" number="42"/>
						<line hits="0" number="43"/>
						<line hits="1" number="48"/>
						<line hits="1" number="51"/>
						<line hits="1" number="52"/>
						<line hits="1" number="61"/>
						<line hits="1" number="72"/>
						<line hits="1" number="75"/>
						<line hits="0" number="76"/>
						<line hits="1" number="78"/>
						<line hits="0" number="79"/>
						<line hits="1" number="81"/>
						<line hits="0" number="82"/>
						<line hits="1" number="84"/>
						<line hits="1" number="85"/>
						<line hits="1" number="87"/>
						<line hits="0" number="88"/>
						<line hits="1" number="90"/>
					</lines>
				</class>
				<class branch-rate="0" complexity="0" filename="NPTFit/nptf_scan.py" line-rate="0.5749" name="nptf_scan.py">
					<methods/>
					<lines>
						<line hits="1" number="16"/>
						<line hits="1" number="17"/>
						<line hits="1" number="19"/>
						<line hits="1" number="20"/>
						<line hits="1" number="21"/>
						<line hits="1" number="22"/>
						<line hits="1" number="24"/>
						<line hits="1" number="25"/>
						<line hits="1" number="26"/>
						<line hits="1" number="29"/>
						<line hits="1" number="30"/>
						<line hits="1" number="34"/>
						<line hits="1" number="36"/>
						<line hits="1" number="39"/>
						<line hits="1" number="40"/>
						<line hits="1" number="41"/>
						<line hits="1" number="44"/>
						<line hits="1" number="45"/>
						<line hits="1" number="46"/>
						<line hits="1" number="47"/>
						<line hits="1" number="49"/>
						<line hits="1" number="63"/>
						<line hits="1" number="64"/>
						<line hits="0" number="66"/>
						<line hits="0" number="67"/>
						<line hits="1" number="71"/>
						<line hits="1" number="99"/>
						<line hits="0" number="100"/>
						<line hits="1" number="102"/>
						<line hits="1" number="105"/>
						<line hits="0" number="106"/>
						<line hits="1" number="108"/>
						<line hits="1" number="109"/>
						<line hits="1" number="111"/>
						<line hits="1" number="115"/>
						<line hits="1" number="125"/>
						<line hits="1" number="126"/>
						<line hits="1" number="129"/>
						<line hits="1" number="134"/>
						<line hits="1" number="136"/>
						<line hits="1" number="139"/>
						<line hits="1" number="142"/>
						<line hits="1" number="147"/>
						<line hits="1" number="148"/>
						<line hits="1" number="149"/>
						<line hits="1" number="153"/>
						<line hits="1" number="155"/>
						<line hits="1" number="159"/>
						<line hits="1" number="160"/>
						<line hits="1" number="161"/>
						<line hits="1" number="163"/>
						<line hits="1" number="170"/>
						<line hits="1" number="173"/>
						<line hits="1" number="174"/>
						<line hits="1" number="175"/>
						<line hits="1" number="177"/>
						<line hits="1" number="178"/>
						<line hits="1" number="182"/>
						<line hits="1" number="183"/>
						<line hits="1" number="184"/>
						<line hits="1" number="187"/>
						<line hits="0" number="188"/>
						<line hits="0" number="189"/>
						<line hits="0" number="190"/>
						<line hits="0" number="191"/>
						<line hits="0" number="194"/>
						<line hits="0" number="195"/>
						<line hits="0" number="196"/>
						<line hits="0" number="197"/>
						<line hits="0" number="198"/>
						<line hits="0" number="199"/>
						<line hits="0" number="200"/>
						<line hits="0" number="202"/>
						<line hits="0" number="203"/>
						<line hits="0" number="204"/>
						<line hits="0" number="207"/>
						<line hits="0" number="208"/>
						<line hits="0" number="209"/>
						<line hits="0" number="210"/>
						<line hits="0" number="211"/>
						<line hits="0" number="213"/>
						<line hits="1" number="217"/>
						<line hits="0" number="218"/>
						<line hits="0" number="219"/>
						<line hits="0" number="220"/>
						<line hits="0" number="223"/>
						<line hits="0" number="224"/>
						<line hits="0" number="225"/>
						<line hits="0" number="226"/>
						<line hits="0" number="227"/>
						<line hits="0" number="228"/>
						<line hits="0" number="230"/>
						<line hits="0" number="233"/>
						<line hits="0" number="234"/>
						<line hits="0" number="235"/>
						<line hits="0" number="236"/>
						<line hits="0" number="238"/>
						<line hits="1" number="244"/>
						<line hits="1" number="250"/>
						<line hits="1" number="251"/>
						<line hits="1" number="252"/>
						<line hits="1" number="253"/>
						<line hits="1" number="254"/>
						<line hits="1" number="255"/>
						<line hits="1" number="256"/>
						<line hits="1" number="257"/>
						<line hits="1" number="258"/>
						<line hits="1" number="259"/>
						<line hits="1" number="260"/>
						<line hits="1" number="261"/>
						<line hits="1" number="263"/>
						<line hits="1" number="265"/>
						<line hits="1" number="269"/>
						<line hits="1" number="270"/>
						<line hits="1" number="271"/>
						<line hits="1" number="274"/>
						<line hits="1" number="276"/>
						<line hits="1" number="278"/>
						<line hits="1" number="280"/>
						<line hits="1" number="290"/>
						<line hits="1" number="291"/>
						<line hits="0" number="292"/>
						<line hits="1" number="298"/>
						<line hits="1" number="305"/>
						<line hits="1" number="316"/>
						<line hits="1" number="317"/>
						<line hits="0" number="320"/>
						<line hits="1" number="323"/>
						<line hits="0" number="324"/>
						<line hits="1" number="331"/>
						<line hits="1" number="332"/>
						<line hits="1" number="333"/>
						<line hits="1" number="337"/>
						<line hits="1" number="338"/>
						<line hits="1" number="339"/>
						<line hits="1" number="340"/>
						<line hits="1" number="341"/>
						<line hits="1" number="342"/>
						<line hits="1" number="344"/>
						<line hits="1" number="346"/>
						<line hits="1" number="348"/>
						<line hits="1" number="360"/>
						<line hits="1" number="362"/>
						<line hits="1" number="366"/>
						<line hits="1" number="367"/>
						<line hits="0" number="368"/>
						<line hits="1" number="371"/>
						<line hits="1" number="375"/>
						<line hits="1" number="376"/>
						<line hits="1" number="378"/>
						<line hits="0" number="381"/>
						<line hits="0" number="389"/>
						<line hits="1" number="397"/>
						<line hits="1" number="399"/>
						<line hits="1" number="404"/>
						<line hits="1" number="405"/>
						<line hits="1" number="408"/>
						<line hits="1" number="420"/>
						<line hits="1" number="425"/>
						<line hits="1" number="427"/>
						<line hits="1" number="432"/>
						<line hits="1" number="434"/>
						<line hits="1" number="435"/>
						<line hits="1" number="436"/>
						<line hits="1" number="438"/>
						<line hits="1" number="440"/>
						<line hits="1" number="442"/>
						<line hits="0" number="447"/>
						<line hits="0" number="450"/>
						<line hits="0" number="452"/>
						<line hits="1" number="455"/>
						<line hits="1" number="466"/>
						<line hits="1" number="467"/>
						<line hits="1" number="469"/>
						<line hits="1" number="471"/>
						<line hits="1" number="480"/>
						<line hits="1" number="488"/>
						<line hits="0" number="493"/>
						<line hits="0" number="494"/>
						<line hits="0" number="496"/>
						<line hits="0" number="497"/>
						<line hits="0" number="500"/>
						<line hits="0" number="503"/>
						<line hits="0" number="504"/>
						<line hits="0" number="505"/>
						<line hits="0" number="508"/>
						<line hits="0" number="512"/>
						<line hits="0" number="515"/>
						<line hits="0" number="516"/>
						<line hits="0" number="517"/>
						<line hits="0" number="518"/>
						<line hits="0" number="519"/>
						<line hits="0" number="521"/>
						<line hits="1" number="523"/>
						<line hits="0" number="528"/>
						<line hits="0" number="532"/>
						<line hits="0" number="535"/>
						<line hits="0" number="539"/>
						<line hits="0" number="543"/>
						<line hits="0" number="547"/>
						<line hits="0" number="553"/>
						<line hits="0" number="556"/>
						<line hits="0" number="557"/>
						<line hits="0" number="558"/>
						<line hits="0" number="559"/>
						<line hits="0" number="564"/>
						<line hits="1" number="568"/>
						<line hits="0" number="572"/>
						<line hits="0" number="573"/>
						<line hits="0" number="574"/>
						<line hits="0" number="575"/>
						<line hits="0" number="576"/>
						<line hits="0" number="577"/>
						<line hits="0" number="578"/>
						<line hits="0" number="579"/>
						<line hits="0" number="580"/>
						<line hits="0" number="581"/>
						<line hits="0" number="582"/>
						<line hits="1" number="584"/>
						<line hits="0" number="588"/>
						<line hits="0" number="589"/>
						<line hits="0" number="590"/>
						<line hits="0" number="591"/>
						<line hits="0" number="592"/>
						<line hits="0" number="593"/>
						<line hits="1" number="595"/>
						<line hits="0" number="599"/>
						<line hits="0" number="600"/>
						<line hits="0" number="601"/>
						<line hits="0" number="602"/>
						<line hits="0" number="603"/>
						<line hits="0" number="606"/>
						<line hits="1" number="608"/>
						<line hits="0" number="613"/>
						<line hits="0" number="614"/>
						<line hits="0" number="615"/>
						<line hits="0" number="616"/>
						<line hits="0" number="618"/>
						<line hits="0" number="619"/>
						<line hits="1" number="621"/>
						<line hits="1" number="626"/>
						<line hits="1" number="627"/>
						<line hits="1" number="628"/>
						<line hits="1" number="630"/>
						<line hits="1" number="632"/>
						<line hits="1" number="637"/>
						<line hits="1" number="638"/>
					</lines>
				</class>
				<class branch-rate="0" complexity="0" filename="NPTFit/nptfit.py" line-rate="0.8667" name="nptfit.py">
					<methods/>
					<lines>
						<line hits="1" number="9"/>
						<line hits="1" number="11"/>
						<line hits="1" number="13"/>
						<line hits="1" number="16"/>
						<line hits="1" number="17"/>
						<line hits="1" number="19"/>
						<line hits="1" number="21"/>
						<line hits="1" number="35"/>
						<line hits="1" number="36"/>
						<line hits="1" number="37"/>
						<line hits="1" number="40"/>
						<line hits="0" number="43"/>
						<line hits="0" number="44"/>
						<line hits="1" number="47"/>
						<line hits="1" number="50"/>
					</lines>
				</class>
				<class branch-rate="0" complexity="0" filename="NPTFit/pdf_sampler.py" line-rate="0.2857" name="pdf_sampler.py">
					<methods/>
					<lines>
						<line hits="1" number="9"/>
						<line hits="1" number="12"/>
						<line hits="1" number="13"/>
						<line hits="0" number="21"/>
						<line hits="0" number="22"/>
						<line hits="0" number="25"/>
						<line hits="0" number="28"/>
						<line hits="0" number="29"/>
						<line hits="0" number="32"/>
						<line hits="1" number="34"/>
						<line hits="0" number="44"/>
						<line hits="0" number="45"/>
						<line hits="0" number="46"/>
						<line hits="0" number="47"/>
					</lines>
				</class>
				<class branch-rate="0" complexity="0" filename="NPTFit/psf_compute.py" line-rate="0.1111" name="psf_compute.py">
					<methods/>
					<lines>
						<line hits="1" number="11"/>
						<line hits="1" number="13"/>
						<line hits="1" number="14"/>
						<line hits="1" number="15"/>
						<line hits="1" number="18"/>
						<line hits="0" number="21"/>
						<line hits="0" number="22"/>
						<line hits="0" number="23"/>
						<line hits="0" number="24"/>
						<line hits="0" number="29"/>
						<line hits="0" number="30"/>
						<line hits="0" number="34"/>
						<line hits="0" number="35"/>
						<line hits="0" number="38"/>
						<line hits="0" number="39"/>
						<line hits="0" number="42"/>
						<line hits="0" number="43"/>
						<line hits="0" number="44"/>
						<line hits="0" number="45"/>
						<line hits="0" number="48"/>
						<line hits="0" number="49"/>
						<line hits="0" number="53"/>
						<line hits="0" number="54"/>
						<line hits="0" number="55"/>
						<line hits="0" number="56"/>
						<line hits="0" number="58"/>
						<line hits="0" number="59"/>
						<line hits="0" number="60"/>
						<line hits="0" number="66"/>
						<line hits="0" number="67"/>
						<line hits="0" number="68"/>
						<line hits="0" number="71"/>
						<line hits="0" number="74"/>
						<line hits="0" number="75"/>
						<line hits="0" number="76"/>
						<line hits="0" number="78"/>
						<line hits="0" number="80"/>
						<line hits="0" number="83"/>
						<line hits="0" number="86"/>
						<line hits="0" number="90"/>
						<line hits="0" number="91"/>
						<line hits="0" number="92"/>
						<line hits="0" number="93"/>
						<line hits="0" number="94"/>
						<line hits="0" number="96"/>
					</lines>
				</class>
				<class branch-rate="0" complexity="0" filename="NPTFit/psf_correction.py" line-rate="0.7447" name="psf_correction.py">
					<methods/>
					<lines>
						<line hits="1" number="19"/>
						<line hits="1" number="20"/>
						<line hits="1" number="22"/>
						<line hits="1" number="23"/>
						<line hits="1" number="24"/>
						<line hits="1" number="27"/>
						<line hits="1" number="28"/>
						<line hits="1" number="66"/>
						<line hits="1" number="67"/>
						<line hits="0" number="71"/>
						<line hits="0" number="72"/>
						<line hits="1" number="74"/>
						<line hits="1" number="75"/>
						<line hits="1" number="76"/>
						<line hits="1" number="77"/>
						<line hits="1" number="78"/>
						<line hits="1" number="79"/>
						<line hits="1" number="81"/>
						<line hits="1" number="82"/>
						<line hits="1" number="83"/>
						<line hits="1" number="87"/>
						<line hits="1" number="91"/>
						<line hits="1" number="92"/>
						<line hits="1" number="93"/>
						<line hits="1" number="94"/>
						<line hits="1" number="103"/>
						<line hits="1" number="104"/>
						<line hits="1" number="106"/>
						<line hits="1" number="111"/>
						<line hits="1" number="112"/>
						<line hits="0" number="113"/>
						<line hits="0" number="118"/>
						<line hits="0" number="120"/>
						<line hits="0" number="121"/>
						<line hits="0" number="122"/>
						<line hits="1" number="124"/>
						<line hits="1" number="125"/>
						<line hits="1" number="126"/>
						<line hits="1" number="127"/>
						<line hits="1" number="129"/>
						<line hits="1" number="134"/>
						<line hits="1" number="135"/>
						<line hits="0" number="136"/>
						<line hits="0" number="137"/>
						<line hits="0" number="138"/>
						<line hits="0" number="139"/>
						<line hits="0" number="140"/>
					</lines>
				</class>
				<class branch-rate="0" complexity="0" filename="NPTFit/set_dirs.py" line-rate="0.68" name="set_dirs.py">
					<methods/>
					<lines>
						<line hits="1" number="9"/>
						<line hits="1" number="12"/>
						<line hits="1" number="13"/>
						<line hits="1" number="19"/>
						<line hits="1" number="23"/>
						<line hits="1" number="24"/>
						<line hits="0" number="26"/>
						<line hits="1" number="27"/>
						<line hits="1" number="28"/>
						<line hits="1" number="31"/>
						<line hits="1" number="32"/>
						<line hits="1" number="34"/>
						<line hits="1" number="36"/>
						<line hits="1" number="42"/>
						<line hits="1" number="43"/>
						<line hits="0" number="45"/>
						<line hits="0" number="46"/>
						<line hits="1" number="48"/>
						<line hits="1" number="53"/>
						<line hits="1" number="54"/>
						<line hits="0" number="55"/>
						<line hits="0" number="56"/>
						<line hits="0" number="57"/>
						<line hits="0" number="58"/>
						<line hits="0" number="59"/>
					</lines>
				</class>
			</classes>
		</package>
		<package branch-rate="0" complexity="0" line-rate="1" name="tests">
			<classes>
				<class branch-rate="0" complexity="0" filename="tests/test_scan.py" line-rate="1" name="test_scan.py">
					<methods/>
					<lines>
						<line hits="1" number="8"/>
						<line hits="1" number="10"/>
						<line hits="1" number="11"/>
						<line hits="1" number="13"/>
						<line hits="1" number="14"/>
						<line hits="1" number="15"/>
						<line hits="1" number="17"/>
						<line hits="1" number="18"/>
						<line hits="1" number="20"/>
						<line hits="1" number="21"/>
						<line hits="1" number="22"/>
						<line hits="1" number="24"/>
						<line hits="1" number="25"/>
						<line hits="1" number="27"/>
						<line hits="1" number="28"/>
						<line hits="1" number="30"/>
						<line hits="1" number="31"/>
						<line hits="1" number="43"/>
						<line hits="1" number="44"/>
						<line hits="1" number="51"/>
						<line hits="1" number="52"/>
						<line hits="1" number="54"/>
						<line hits="1" number="56"/>
						<line hits="1" number="58"/>
						<line hits="1" number="60"/>
					</lines>
				</class>
			</classes>
		</package>
	</packages>
</coverage>
